<?xml version="1.0" encoding="UTF-8"?>
<!-- Generated by org.testng.reporters.JUnitXMLReporter -->
<testsuite hostname="admin-PC" ignored="0" name="Default test" tests="4" failures="0" timestamp="2023-03-24T14:20:49 IST" time="0.07" errors="0">
  <testcase name="openbrowser" time="0.011" classname="practicetestng.TestngDummy6"/>
  <testcase name="login" time="0.001" classname="practicetestng.TestngDummy6"/>
  <testcase name="sendMail" time="0.001" classname="practicetestng.TestngDummy6"/>
  <testcase name="closebrowser" time="0.001" classname="practicetestng.TestngDummy6"/>
</testsuite> <!-- Default test -->
