<?xml version="1.0" encoding="UTF-8"?>
<!-- Generated by org.testng.reporters.JUnitXMLReporter -->
<testsuite hostname="admin-PC" ignored="0" name="Test" tests="3" failures="0" timestamp="2023-03-24T14:20:14 IST" time="0.156" errors="0">
  <testcase name="openbrowser" time="0.015" classname="practicetestng.TestngDummy7"/>
  <testcase name="login" time="0.004" classname="practicetestng.TestngDummy7"/>
  <testcase name="sendMail" time="0.003" classname="practicetestng.TestngDummy7"/>
</testsuite> <!-- Test -->
