<?xml version="1.0" encoding="UTF-8"?>
<testng-results skipped="0" failed="0" ignored="0" total="4" passed="4">
  <reporter-output>
  </reporter-output>
  <suite name="Default suite" duration-ms="70" started-at="2023-03-24T14:20:49 IST" finished-at="2023-03-24T14:20:49 IST">
    <groups>
    </groups>
    <test name="Default test" duration-ms="70" started-at="2023-03-24T14:20:49 IST" finished-at="2023-03-24T14:20:49 IST">
      <class name="practicetestng.TestngDummy6">
        <test-method status="PASS" signature="openbrowser()[pri:1, instance:practicetestng.TestngDummy6@87761d]" name="openbrowser" duration-ms="11" started-at="2023-03-24T14:20:49 IST" finished-at="2023-03-24T14:20:49 IST">
          <reporter-output>
          </reporter-output>
        </test-method> <!-- openbrowser -->
        <test-method status="PASS" signature="login()[pri:2, instance:practicetestng.TestngDummy6@87761d]" name="login" duration-ms="1" started-at="2023-03-24T14:20:49 IST" depends-on-methods="practicetestng.TestngDummy6.openbrowser" finished-at="2023-03-24T14:20:49 IST">
          <reporter-output>
          </reporter-output>
        </test-method> <!-- login -->
        <test-method status="PASS" signature="sendMail()[pri:3, instance:practicetestng.TestngDummy6@87761d]" name="sendMail" duration-ms="1" started-at="2023-03-24T14:20:49 IST" depends-on-methods="practicetestng.TestngDummy6.login" finished-at="2023-03-24T14:20:49 IST">
          <reporter-output>
          </reporter-output>
        </test-method> <!-- sendMail -->
        <test-method status="PASS" signature="closebrowser()[pri:4, instance:practicetestng.TestngDummy6@87761d]" name="closebrowser" duration-ms="1" started-at="2023-03-24T14:20:49 IST" depends-on-methods="practicetestng.TestngDummy6.openbrowser" finished-at="2023-03-24T14:20:49 IST">
          <reporter-output>
          </reporter-output>
        </test-method> <!-- closebrowser -->
      </class> <!-- practicetestng.TestngDummy6 -->
    </test> <!-- Default test -->
  </suite> <!-- Default suite -->
</testng-results>
